<?xml version="1.0" encoding="UTF-8"?>
<!-- Generated by org.testng.reporters.JUnitXMLReporter -->
<testsuite ignored="0" hostname="MSI" failures="0" tests="6" name="Surefire test" time="381.447" errors="0" timestamp="2024-08-31T10:07:55 IST">
  <testcase classname="test.FinalTest" name="JewelleryAndWatchTest1" time="83.8"/>
  <testcase classname="test.FinalTest" name="Jewellery" time="34.42"/>
  <testcase classname="test.FinalTest" name="JewelleryCombosTest" time="63.69"/>
  <testcase classname="test.FinalTest" name="MensJewelleryTest" time="8.1"/>
  <testcase classname="test.FinalTest" name="OtherJewelleryTest" time="7.724"/>
  <testcase classname="test.FinalTest" name="RingsAndEarringsTest" time="28.255"/>
</testsuite> <!-- Surefire test -->
