<?xml version="1.0" encoding="UTF-8"?>
<!-- Generated by org.testng.reporters.JUnitXMLReporter -->
<testsuite ignored="0" hostname="MSI" failures="1" tests="4" name="Default test" time="54.585" errors="0" timestamp="2024-09-01T17:45:22 IST">
  <testcase classname="io.cucumber.testng.AbstractTestNGCucumberTests" name="runScenario" time="12.019"/>
  <testcase classname="io.cucumber.testng.AbstractTestNGCucumberTests" name="runScenario" time="10.661"/>
  <testcase classname="io.cucumber.testng.AbstractTestNGCucumberTests" name="runScenario" time="10.88"/>
  <testcase classname="io.cucumber.testng.AbstractTestNGCucumberTests" name="runScenario" time="20.736">
    <failure type="org.openqa.selenium.ElementClickInterceptedException" message="element click intercepted: Element &amp;lt;input id=&amp;quot;cpid12612354&amp;quot; type=&amp;quot;checkbox&amp;quot; class=&amp;quot;v_bottom&amp;quot; cpid=&amp;quot;12612354&amp;quot; catid=&amp;quot;142&amp;quot; pname=&amp;quot;Golden Watch + 2 Golden Chain + Bracelet + Diamond Ring (MGW2CBR)&amp;quot; pimage=&amp;quot;Golden-Watch-2-Golden-Chain-Bracelet-Diamond-Ring-MGW2CBR-1.jpg&amp;quot; catname=&amp;quot;Watches&amp;quot; onclick=&amp;quot;productCompare.addToCompare(this);&amp;quot; sid=&amp;quot;null&amp;quot; sname=&amp;quot;null&amp;quot; tt=&amp;quot;H&amp;quot;&amp;gt; is not clickable at point (646, 526). Other element would receive the click: &amp;lt;div class=&amp;quot;catalogLoad&amp;quot;&amp;gt;...&amp;lt;/div&amp;gt;
  (Session info: chrome=128.0.6613.86)
Build info: version: &amp;apos;4.23.1&amp;apos;, revision: &amp;apos;656257d8e9&amp;apos;
System info: os.name: &amp;apos;Windows 11&amp;apos;, os.arch: &amp;apos;amd64&amp;apos;, os.version: &amp;apos;10.0&amp;apos;, java.version: &amp;apos;21.0.3&amp;apos;
Driver info: org.openqa.selenium.chrome.ChromeDriver
Command: [5e9fbc2e97daa926a4ed17d237fab687, clickElement {id=f.89459D2044AEE19857F06B426C94E243.d.789801F324A5AAB911D2700C61B282C8.e.7729}]
Capabilities {acceptInsecureCerts: false, browserName: chrome, browserVersion: 128.0.6613.86, chrome: {chromedriverVersion: 128.0.6613.86 (3045ed680fda..., userDataDir: C:\Users\beati\AppData\Loca...}, fedcm:accounts: true, goog:chromeOptions: {debuggerAddress: localhost:56110}, networkConnectionEnabled: false, pageLoadStrategy: normal, platformName: windows, proxy: Proxy(), se:cdp: ws://localhost:56110/devtoo..., se:cdpVersion: 128.0.6613.86, setWindowRect: true, strictFileInteractability: false, timeouts: {implicit: 0, pageLoad: 300000, script: 30000}, unhandledPromptBehavior: dismiss and notify, webauthn:extension:credBlob: true, webauthn:extension:largeBlob: true, webauthn:extension:minPinLength: true, webauthn:extension:prf: true, webauthn:virtualAuthenticators: true}
Element: [[ChromeDriver: chrome on windows (5e9fbc2e97daa926a4ed17d237fab687)] -&amp;gt; css selector: [id=&amp;apos;cpid12612354&amp;apos;]]
Session ID: 5e9fbc2e97daa926a4ed17d237fab687">
      <![CDATA[org.openqa.selenium.ElementClickInterceptedException: element click intercepted: Element <input id="cpid12612354" type="checkbox" class="v_bottom" cpid="12612354" catid="142" pname="Golden Watch + 2 Golden Chain + Bracelet + Diamond Ring (MGW2CBR)" pimage="Golden-Watch-2-Golden-Chain-Bracelet-Diamond-Ring-MGW2CBR-1.jpg" catname="Watches" onclick="productCompare.addToCompare(this);" sid="null" sname="null" tt="H"> is not clickable at point (646, 526). Other element would receive the click: <div class="catalogLoad">...</div>
  (Session info: chrome=128.0.6613.86)
Build info: version: '4.23.1', revision: '656257d8e9'
System info: os.name: 'Windows 11', os.arch: 'amd64', os.version: '10.0', java.version: '21.0.3'
Driver info: org.openqa.selenium.chrome.ChromeDriver
Command: [5e9fbc2e97daa926a4ed17d237fab687, clickElement {id=f.89459D2044AEE19857F06B426C94E243.d.789801F324A5AAB911D2700C61B282C8.e.7729}]
Capabilities {acceptInsecureCerts: false, browserName: chrome, browserVersion: 128.0.6613.86, chrome: {chromedriverVersion: 128.0.6613.86 (3045ed680fda..., userDataDir: C:\Users\beati\AppData\Loca...}, fedcm:accounts: true, goog:chromeOptions: {debuggerAddress: localhost:56110}, networkConnectionEnabled: false, pageLoadStrategy: normal, platformName: windows, proxy: Proxy(), se:cdp: ws://localhost:56110/devtoo..., se:cdpVersion: 128.0.6613.86, setWindowRect: true, strictFileInteractability: false, timeouts: {implicit: 0, pageLoad: 300000, script: 30000}, unhandledPromptBehavior: dismiss and notify, webauthn:extension:credBlob: true, webauthn:extension:largeBlob: true, webauthn:extension:minPinLength: true, webauthn:extension:prf: true, webauthn:virtualAuthenticators: true}
Element: [[ChromeDriver: chrome on windows (5e9fbc2e97daa926a4ed17d237fab687)] -> css selector: [id='cpid12612354']]
Session ID: 5e9fbc2e97daa926a4ed17d237fab687
at java.base/jdk.internal.reflect.DirectConstructorHandleAccessor.newInstance(DirectConstructorHandleAccessor.java:62)
at java.base/java.lang.reflect.Constructor.newInstanceWithCaller(Constructor.java:502)
at java.base/java.lang.reflect.Constructor.newInstance(Constructor.java:486)
at org.openqa.selenium.remote.ErrorCodec.decode(ErrorCodec.java:167)
at org.openqa.selenium.remote.codec.w3c.W3CHttpResponseCodec.decode(W3CHttpResponseCodec.java:138)
at org.openqa.selenium.remote.codec.w3c.W3CHttpResponseCodec.decode(W3CHttpResponseCodec.java:50)
at org.openqa.selenium.remote.HttpCommandExecutor.execute(HttpCommandExecutor.java:190)
at org.openqa.selenium.remote.service.DriverCommandExecutor.invokeExecute(DriverCommandExecutor.java:216)
at org.openqa.selenium.remote.service.DriverCommandExecutor.execute(DriverCommandExecutor.java:174)
at org.openqa.selenium.remote.RemoteWebDriver.execute(RemoteWebDriver.java:545)
at org.openqa.selenium.remote.RemoteWebElement.execute(RemoteWebElement.java:223)
at org.openqa.selenium.remote.RemoteWebElement.click(RemoteWebElement.java:76)
at steps.Watches.compare_abrexo_two_products_on_the_watches_page(Watches.java:170)
at ✽.Compare Abrexo two products on the Watches page(file:///C:/Users/beati/Documents/workspace-spring-tool-suite-4-4.23.1.RELEASE/Cucumber_Naaptol/src/test/resources/JewelleryAndWatches/Watches.feature:36)
]]>
    </failure>
  </testcase> <!-- runScenario -->
</testsuite> <!-- Default test -->
