<?xml version="1.0" encoding="UTF-8"?>
<testng-results ignored="0" total="6" passed="6" failed="0" skipped="0">
  <reporter-output>
  </reporter-output>
  <suite started-at="2024-08-31T10:01:33 IST" name="Surefire suite" finished-at="2024-08-31T10:07:55 IST" duration-ms="381447">
    <groups>
    </groups>
    <test started-at="2024-08-31T10:01:33 IST" name="Surefire test" finished-at="2024-08-31T10:07:55 IST" duration-ms="381447">
      <class name="test.FinalTest">
        <test-method is-config="true" signature="reportconfigs()[pri:0, instance:test.FinalTest@4690b489]" started-at="2024-08-31T10:01:33 IST" name="reportconfigs" finished-at="2024-08-31T10:01:33 IST" duration-ms="157" status="PASS">
          <reporter-output>
          </reporter-output>
        </test-method> <!-- reportconfigs -->
        <test-method is-config="true" signature="setup()[pri:0, instance:test.FinalTest@4690b489]" started-at="2024-08-31T10:01:33 IST" name="setup" finished-at="2024-08-31T10:01:40 IST" duration-ms="6546" status="PASS">
          <reporter-output>
          </reporter-output>
        </test-method> <!-- setup -->
        <test-method signature="JewelleryAndWatchTest1()[pri:0, instance:test.FinalTest@4690b489]" started-at="2024-08-31T10:01:40 IST" name="JewelleryAndWatchTest1" finished-at="2024-08-31T10:03:04 IST" duration-ms="83800" status="PASS">
          <reporter-output>
          </reporter-output>
        </test-method> <!-- JewelleryAndWatchTest1 -->
        <test-method is-config="true" signature="teardown()[pri:0, instance:test.FinalTest@4690b489]" started-at="2024-08-31T10:03:04 IST" name="teardown" finished-at="2024-08-31T10:03:04 IST" duration-ms="261" status="PASS">
          <reporter-output>
          </reporter-output>
        </test-method> <!-- teardown -->
        <test-method is-config="true" signature="setup()[pri:0, instance:test.FinalTest@4690b489]" started-at="2024-08-31T10:03:04 IST" name="setup" finished-at="2024-08-31T10:03:29 IST" duration-ms="25337" status="PASS">
          <reporter-output>
          </reporter-output>
        </test-method> <!-- setup -->
        <test-method signature="Jewellery()[pri:1, instance:test.FinalTest@4690b489]" started-at="2024-08-31T10:03:29 IST" name="Jewellery" finished-at="2024-08-31T10:04:04 IST" duration-ms="34420" status="PASS">
          <reporter-output>
          </reporter-output>
        </test-method> <!-- Jewellery -->
        <test-method is-config="true" signature="teardown()[pri:0, instance:test.FinalTest@4690b489]" started-at="2024-08-31T10:04:04 IST" name="teardown" finished-at="2024-08-31T10:04:04 IST" duration-ms="353" status="PASS">
          <reporter-output>
          </reporter-output>
        </test-method> <!-- teardown -->
        <test-method is-config="true" signature="setup()[pri:0, instance:test.FinalTest@4690b489]" started-at="2024-08-31T10:04:04 IST" name="setup" finished-at="2024-08-31T10:05:25 IST" duration-ms="81157" status="PASS">
          <reporter-output>
          </reporter-output>
        </test-method> <!-- setup -->
        <test-method signature="JewelleryCombosTest()[pri:2, instance:test.FinalTest@4690b489]" started-at="2024-08-31T10:05:25 IST" name="JewelleryCombosTest" finished-at="2024-08-31T10:06:29 IST" duration-ms="63690" status="PASS">
          <reporter-output>
          </reporter-output>
        </test-method> <!-- JewelleryCombosTest -->
        <test-method is-config="true" signature="teardown()[pri:0, instance:test.FinalTest@4690b489]" started-at="2024-08-31T10:06:29 IST" name="teardown" finished-at="2024-08-31T10:06:29 IST" duration-ms="218" status="PASS">
          <reporter-output>
          </reporter-output>
        </test-method> <!-- teardown -->
        <test-method is-config="true" signature="setup()[pri:0, instance:test.FinalTest@4690b489]" started-at="2024-08-31T10:06:29 IST" name="setup" finished-at="2024-08-31T10:06:37 IST" duration-ms="8130" status="PASS">
          <reporter-output>
          </reporter-output>
        </test-method> <!-- setup -->
        <test-method signature="MensJewelleryTest()[pri:3, instance:test.FinalTest@4690b489]" started-at="2024-08-31T10:06:37 IST" name="MensJewelleryTest" finished-at="2024-08-31T10:06:46 IST" duration-ms="8100" status="PASS">
          <reporter-output>
          </reporter-output>
        </test-method> <!-- MensJewelleryTest -->
        <test-method is-config="true" signature="teardown()[pri:0, instance:test.FinalTest@4690b489]" started-at="2024-08-31T10:06:46 IST" name="teardown" finished-at="2024-08-31T10:06:46 IST" duration-ms="230" status="PASS">
          <reporter-output>
          </reporter-output>
        </test-method> <!-- teardown -->
        <test-method is-config="true" signature="setup()[pri:0, instance:test.FinalTest@4690b489]" started-at="2024-08-31T10:06:46 IST" name="setup" finished-at="2024-08-31T10:06:56 IST" duration-ms="10222" status="PASS">
          <reporter-output>
          </reporter-output>
        </test-method> <!-- setup -->
        <test-method signature="OtherJewelleryTest()[pri:4, instance:test.FinalTest@4690b489]" started-at="2024-08-31T10:06:56 IST" name="OtherJewelleryTest" finished-at="2024-08-31T10:07:04 IST" duration-ms="7724" status="PASS">
          <reporter-output>
          </reporter-output>
        </test-method> <!-- OtherJewelleryTest -->
        <test-method is-config="true" signature="teardown()[pri:0, instance:test.FinalTest@4690b489]" started-at="2024-08-31T10:07:04 IST" name="teardown" finished-at="2024-08-31T10:07:04 IST" duration-ms="191" status="PASS">
          <reporter-output>
          </reporter-output>
        </test-method> <!-- teardown -->
        <test-method is-config="true" signature="setup()[pri:0, instance:test.FinalTest@4690b489]" started-at="2024-08-31T10:07:04 IST" name="setup" finished-at="2024-08-31T10:07:25 IST" duration-ms="21470" status="PASS">
          <reporter-output>
          </reporter-output>
        </test-method> <!-- setup -->
        <test-method signature="RingsAndEarringsTest()[pri:5, instance:test.FinalTest@4690b489]" started-at="2024-08-31T10:07:25 IST" name="RingsAndEarringsTest" finished-at="2024-08-31T10:07:54 IST" duration-ms="28255" status="PASS">
          <reporter-output>
          </reporter-output>
        </test-method> <!-- RingsAndEarringsTest -->
        <test-method is-config="true" signature="teardown()[pri:0, instance:test.FinalTest@4690b489]" started-at="2024-08-31T10:07:54 IST" name="teardown" finished-at="2024-08-31T10:07:54 IST" duration-ms="222" status="PASS">
          <reporter-output>
          </reporter-output>
        </test-method> <!-- teardown -->
        <test-method is-config="true" signature="flush()[pri:0, instance:test.FinalTest@4690b489]" started-at="2024-08-31T10:07:54 IST" name="flush" finished-at="2024-08-31T10:07:55 IST" duration-ms="881" status="PASS">
          <reporter-output>
          </reporter-output>
        </test-method> <!-- flush -->
      </class> <!-- test.FinalTest -->
    </test> <!-- Surefire test -->
  </suite> <!-- Surefire suite -->
</testng-results>
