<?xml version="1.0" encoding="UTF-8"?>
<testng-results ignored="0" total="4" passed="3" failed="1" skipped="0">
  <reporter-output>
  </reporter-output>
  <suite started-at="2024-09-01T17:44:28 IST" name="Default suite" finished-at="2024-09-01T17:45:22 IST" duration-ms="54585">
    <groups>
      <group name="cucumber">
        <method signature="AbstractTestNGCucumberTests.runScenario(io.cucumber.testng.PickleWrapper,io.cucumber.testng.FeatureWrapper)[pri:0, instance:runner.Search@1033576a]" name="runScenario" class="io.cucumber.testng.AbstractTestNGCucumberTests"/>
      </group> <!-- cucumber -->
    </groups>
    <test started-at="2024-09-01T17:44:28 IST" name="Default test" finished-at="2024-09-01T17:45:22 IST" duration-ms="54585">
      <class name="runner.Search">
        <test-method is-config="true" signature="setUpClass(org.testng.ITestContext)[pri:0, instance:runner.Search@1033576a]" started-at="2024-09-01T17:44:28 IST" name="setUpClass" finished-at="2024-09-01T17:44:28 IST" duration-ms="214" status="PASS">
          <params>
            <param index="0">
              <value>
                <![CDATA[org.testng.TestRunner@2538bc06]]>
              </value>
            </param>
          </params>
          <reporter-output>
          </reporter-output>
        </test-method> <!-- setUpClass -->
        <test-method signature="runScenario(io.cucumber.testng.PickleWrapper,io.cucumber.testng.FeatureWrapper)[pri:0, instance:runner.Search@1033576a]" started-at="2024-09-01T17:44:28 IST" name="runScenario" description="Runs Cucumber Scenarios" data-provider="scenarios" finished-at="2024-09-01T17:44:40 IST" duration-ms="12019" status="PASS">
          <params>
            <param index="0">
              <value>
                <![CDATA["Validate WatchesPage Cash on Delivery functionality"]]>
              </value>
            </param>
            <param index="1">
              <value>
                <![CDATA["WatchesPage feature"]]>
              </value>
            </param>
          </params>
          <reporter-output>
          </reporter-output>
        </test-method> <!-- runScenario -->
        <test-method signature="runScenario(io.cucumber.testng.PickleWrapper,io.cucumber.testng.FeatureWrapper)[pri:0, instance:runner.Search@1033576a]" started-at="2024-09-01T17:44:40 IST" name="runScenario" description="Runs Cucumber Scenarios" data-provider="scenarios" finished-at="2024-09-01T17:44:51 IST" duration-ms="10661" status="PASS">
          <params>
            <param index="0">
              <value>
                <![CDATA["Validate Watches page clear all functionality"]]>
              </value>
            </param>
            <param index="1">
              <value>
                <![CDATA["WatchesPage feature"]]>
              </value>
            </param>
          </params>
          <reporter-output>
          </reporter-output>
        </test-method> <!-- runScenario -->
        <test-method signature="runScenario(io.cucumber.testng.PickleWrapper,io.cucumber.testng.FeatureWrapper)[pri:0, instance:runner.Search@1033576a]" started-at="2024-09-01T17:44:51 IST" name="runScenario" description="Runs Cucumber Scenarios" data-provider="scenarios" finished-at="2024-09-01T17:45:02 IST" duration-ms="10880" status="PASS">
          <params>
            <param index="0">
              <value>
                <![CDATA["Validate Watches page compare functionality"]]>
              </value>
            </param>
            <param index="1">
              <value>
                <![CDATA["WatchesPage feature"]]>
              </value>
            </param>
          </params>
          <reporter-output>
          </reporter-output>
        </test-method> <!-- runScenario -->
        <test-method signature="runScenario(io.cucumber.testng.PickleWrapper,io.cucumber.testng.FeatureWrapper)[pri:0, instance:runner.Search@1033576a]" started-at="2024-09-01T17:45:02 IST" name="runScenario" description="Runs Cucumber Scenarios" data-provider="scenarios" finished-at="2024-09-01T17:45:22 IST" duration-ms="20736" status="FAIL">
          <params>
            <param index="0">
              <value>
                <![CDATA["Validate Abrexo checkbox functionality"]]>
              </value>
            </param>
            <param index="1">
              <value>
                <![CDATA["WatchesPage feature"]]>
              </value>
            </param>
          </params>
          <exception class="org.openqa.selenium.ElementClickInterceptedException">
            <message>
              <![CDATA[element click intercepted: Element <input id="cpid12612354" type="checkbox" class="v_bottom" cpid="12612354" catid="142" pname="Golden Watch + 2 Golden Chain + Bracelet + Diamond Ring (MGW2CBR)" pimage="Golden-Watch-2-Golden-Chain-Bracelet-Diamond-Ring-MGW2CBR-1.jpg" catname="Watches" onclick="productCompare.addToCompare(this);" sid="null" sname="null" tt="H"> is not clickable at point (646, 526). Other element would receive the click: <div class="catalogLoad">...</div>
  (Session info: chrome=128.0.6613.86)
Build info: version: '4.23.1', revision: '656257d8e9'
System info: os.name: 'Windows 11', os.arch: 'amd64', os.version: '10.0', java.version: '21.0.3'
Driver info: org.openqa.selenium.chrome.ChromeDriver
Command: [5e9fbc2e97daa926a4ed17d237fab687, clickElement {id=f.89459D2044AEE19857F06B426C94E243.d.789801F324A5AAB911D2700C61B282C8.e.7729}]
Capabilities {acceptInsecureCerts: false, browserName: chrome, browserVersion: 128.0.6613.86, chrome: {chromedriverVersion: 128.0.6613.86 (3045ed680fda..., userDataDir: C:\Users\beati\AppData\Loca...}, fedcm:accounts: true, goog:chromeOptions: {debuggerAddress: localhost:56110}, networkConnectionEnabled: false, pageLoadStrategy: normal, platformName: windows, proxy: Proxy(), se:cdp: ws://localhost:56110/devtoo..., se:cdpVersion: 128.0.6613.86, setWindowRect: true, strictFileInteractability: false, timeouts: {implicit: 0, pageLoad: 300000, script: 30000}, unhandledPromptBehavior: dismiss and notify, webauthn:extension:credBlob: true, webauthn:extension:largeBlob: true, webauthn:extension:minPinLength: true, webauthn:extension:prf: true, webauthn:virtualAuthenticators: true}
Element: [[ChromeDriver: chrome on windows (5e9fbc2e97daa926a4ed17d237fab687)] -> css selector: [id='cpid12612354']]
Session ID: 5e9fbc2e97daa926a4ed17d237fab687]]>
            </message>
            <full-stacktrace>
              <![CDATA[org.openqa.selenium.ElementClickInterceptedException: element click intercepted: Element <input id="cpid12612354" type="checkbox" class="v_bottom" cpid="12612354" catid="142" pname="Golden Watch + 2 Golden Chain + Bracelet + Diamond Ring (MGW2CBR)" pimage="Golden-Watch-2-Golden-Chain-Bracelet-Diamond-Ring-MGW2CBR-1.jpg" catname="Watches" onclick="productCompare.addToCompare(this);" sid="null" sname="null" tt="H"> is not clickable at point (646, 526). Other element would receive the click: <div class="catalogLoad">...</div>
  (Session info: chrome=128.0.6613.86)
Build info: version: '4.23.1', revision: '656257d8e9'
System info: os.name: 'Windows 11', os.arch: 'amd64', os.version: '10.0', java.version: '21.0.3'
Driver info: org.openqa.selenium.chrome.ChromeDriver
Command: [5e9fbc2e97daa926a4ed17d237fab687, clickElement {id=f.89459D2044AEE19857F06B426C94E243.d.789801F324A5AAB911D2700C61B282C8.e.7729}]
Capabilities {acceptInsecureCerts: false, browserName: chrome, browserVersion: 128.0.6613.86, chrome: {chromedriverVersion: 128.0.6613.86 (3045ed680fda..., userDataDir: C:\Users\beati\AppData\Loca...}, fedcm:accounts: true, goog:chromeOptions: {debuggerAddress: localhost:56110}, networkConnectionEnabled: false, pageLoadStrategy: normal, platformName: windows, proxy: Proxy(), se:cdp: ws://localhost:56110/devtoo..., se:cdpVersion: 128.0.6613.86, setWindowRect: true, strictFileInteractability: false, timeouts: {implicit: 0, pageLoad: 300000, script: 30000}, unhandledPromptBehavior: dismiss and notify, webauthn:extension:credBlob: true, webauthn:extension:largeBlob: true, webauthn:extension:minPinLength: true, webauthn:extension:prf: true, webauthn:virtualAuthenticators: true}
Element: [[ChromeDriver: chrome on windows (5e9fbc2e97daa926a4ed17d237fab687)] -> css selector: [id='cpid12612354']]
Session ID: 5e9fbc2e97daa926a4ed17d237fab687
at java.base/jdk.internal.reflect.DirectConstructorHandleAccessor.newInstance(DirectConstructorHandleAccessor.java:62)
at java.base/java.lang.reflect.Constructor.newInstanceWithCaller(Constructor.java:502)
at java.base/java.lang.reflect.Constructor.newInstance(Constructor.java:486)
at org.openqa.selenium.remote.ErrorCodec.decode(ErrorCodec.java:167)
at org.openqa.selenium.remote.codec.w3c.W3CHttpResponseCodec.decode(W3CHttpResponseCodec.java:138)
at org.openqa.selenium.remote.codec.w3c.W3CHttpResponseCodec.decode(W3CHttpResponseCodec.java:50)
at org.openqa.selenium.remote.HttpCommandExecutor.execute(HttpCommandExecutor.java:190)
at org.openqa.selenium.remote.service.DriverCommandExecutor.invokeExecute(DriverCommandExecutor.java:216)
at org.openqa.selenium.remote.service.DriverCommandExecutor.execute(DriverCommandExecutor.java:174)
at org.openqa.selenium.remote.RemoteWebDriver.execute(RemoteWebDriver.java:545)
at org.openqa.selenium.remote.RemoteWebElement.execute(RemoteWebElement.java:223)
at org.openqa.selenium.remote.RemoteWebElement.click(RemoteWebElement.java:76)
at steps.Watches.compare_abrexo_two_products_on_the_watches_page(Watches.java:170)
at ✽.Compare Abrexo two products on the Watches page(file:///C:/Users/beati/Documents/workspace-spring-tool-suite-4-4.23.1.RELEASE/Cucumber_Naaptol/src/test/resources/JewelleryAndWatches/Watches.feature:36)
]]>
            </full-stacktrace>
          </exception> <!-- org.openqa.selenium.ElementClickInterceptedException -->
          <reporter-output>
          </reporter-output>
        </test-method> <!-- runScenario -->
        <test-method is-config="true" signature="tearDownClass()[pri:0, instance:runner.Search@1033576a]" started-at="2024-09-01T17:45:22 IST" name="tearDownClass" finished-at="2024-09-01T17:45:22 IST" duration-ms="1" status="PASS">
          <reporter-output>
          </reporter-output>
        </test-method> <!-- tearDownClass -->
      </class> <!-- runner.Search -->
    </test> <!-- Default test -->
  </suite> <!-- Default suite -->
</testng-results>
