<?xml version="1.0" encoding="UTF-8"?>
<testng-results ignored="0" total="6" passed="5" failed="1" skipped="0">
  <reporter-output>
  </reporter-output>
  <suite started-at="2024-09-01T18:48:26 IST" name="Default suite" finished-at="2024-09-01T18:51:08 IST" duration-ms="162339">
    <groups>
    </groups>
    <test started-at="2024-09-01T18:48:26 IST" name="Default test" finished-at="2024-09-01T18:51:08 IST" duration-ms="162339">
      <class name="test.FinalTest">
        <test-method is-config="true" signature="reportconfigs()[pri:0, instance:test.FinalTest@4c60d6e9]" started-at="2024-09-01T18:48:26 IST" name="reportconfigs" finished-at="2024-09-01T18:48:26 IST" duration-ms="189" status="PASS">
          <reporter-output>
          </reporter-output>
        </test-method> <!-- reportconfigs -->
        <test-method is-config="true" signature="setup()[pri:0, instance:test.FinalTest@4c60d6e9]" started-at="2024-09-01T18:48:26 IST" name="setup" finished-at="2024-09-01T18:48:33 IST" duration-ms="6468" status="PASS">
          <reporter-output>
          </reporter-output>
        </test-method> <!-- setup -->
        <test-method signature="JewelleryAndWatchTest1()[pri:0, instance:test.FinalTest@4c60d6e9]" started-at="2024-09-01T18:48:33 IST" name="JewelleryAndWatchTest1" finished-at="2024-09-01T18:48:53 IST" duration-ms="20384" status="FAIL">
          <exception class="org.openqa.selenium.ElementNotInteractableException">
            <message>
              <![CDATA[element not interactable
  (Session info: chrome=128.0.6613.86)
Build info: version: '4.23.1', revision: '656257d8e9'
System info: os.name: 'Windows 11', os.arch: 'amd64', os.version: '10.0', java.version: '21.0.3'
Driver info: org.openqa.selenium.chrome.ChromeDriver
Command: [e33ca5f5115a8f199a39feadb942a885, clickElement {id=f.74324D7954E61F50686F2198001BB218.d.C843C15D4D451F30B4564CC43FC69445.e.12676}]
Capabilities {acceptInsecureCerts: false, browserName: chrome, browserVersion: 128.0.6613.86, chrome: {chromedriverVersion: 128.0.6613.86 (3045ed680fda..., userDataDir: C:\Users\beati\AppData\Loca...}, fedcm:accounts: true, goog:chromeOptions: {debuggerAddress: localhost:61897}, networkConnectionEnabled: false, pageLoadStrategy: normal, platformName: windows, proxy: Proxy(), se:cdp: ws://localhost:61897/devtoo..., se:cdpVersion: 128.0.6613.86, setWindowRect: true, strictFileInteractability: false, timeouts: {implicit: 0, pageLoad: 300000, script: 30000}, unhandledPromptBehavior: dismiss and notify, webauthn:extension:credBlob: true, webauthn:extension:largeBlob: true, webauthn:extension:minPinLength: true, webauthn:extension:prf: true, webauthn:virtualAuthenticators: true}
Element: [[ChromeDriver: chrome on windows (e33ca5f5115a8f199a39feadb942a885)] -> xpath: (//a[@href='/shop-online/jewellery-watches.html'])[2]]
Session ID: e33ca5f5115a8f199a39feadb942a885]]>
            </message>
            <full-stacktrace>
              <![CDATA[org.openqa.selenium.ElementNotInteractableException: element not interactable
  (Session info: chrome=128.0.6613.86)
Build info: version: '4.23.1', revision: '656257d8e9'
System info: os.name: 'Windows 11', os.arch: 'amd64', os.version: '10.0', java.version: '21.0.3'
Driver info: org.openqa.selenium.chrome.ChromeDriver
Command: [e33ca5f5115a8f199a39feadb942a885, clickElement {id=f.74324D7954E61F50686F2198001BB218.d.C843C15D4D451F30B4564CC43FC69445.e.12676}]
Capabilities {acceptInsecureCerts: false, browserName: chrome, browserVersion: 128.0.6613.86, chrome: {chromedriverVersion: 128.0.6613.86 (3045ed680fda..., userDataDir: C:\Users\beati\AppData\Loca...}, fedcm:accounts: true, goog:chromeOptions: {debuggerAddress: localhost:61897}, networkConnectionEnabled: false, pageLoadStrategy: normal, platformName: windows, proxy: Proxy(), se:cdp: ws://localhost:61897/devtoo..., se:cdpVersion: 128.0.6613.86, setWindowRect: true, strictFileInteractability: false, timeouts: {implicit: 0, pageLoad: 300000, script: 30000}, unhandledPromptBehavior: dismiss and notify, webauthn:extension:credBlob: true, webauthn:extension:largeBlob: true, webauthn:extension:minPinLength: true, webauthn:extension:prf: true, webauthn:virtualAuthenticators: true}
Element: [[ChromeDriver: chrome on windows (e33ca5f5115a8f199a39feadb942a885)] -> xpath: (//a[@href='/shop-online/jewellery-watches.html'])[2]]
Session ID: e33ca5f5115a8f199a39feadb942a885
at java.base/jdk.internal.reflect.DirectConstructorHandleAccessor.newInstance(DirectConstructorHandleAccessor.java:62)
at java.base/java.lang.reflect.Constructor.newInstanceWithCaller(Constructor.java:502)
at java.base/java.lang.reflect.Constructor.newInstance(Constructor.java:486)
at org.openqa.selenium.remote.ErrorCodec.decode(ErrorCodec.java:167)
at org.openqa.selenium.remote.codec.w3c.W3CHttpResponseCodec.decode(W3CHttpResponseCodec.java:138)
at org.openqa.selenium.remote.codec.w3c.W3CHttpResponseCodec.decode(W3CHttpResponseCodec.java:50)
at org.openqa.selenium.remote.HttpCommandExecutor.execute(HttpCommandExecutor.java:190)
at org.openqa.selenium.remote.service.DriverCommandExecutor.invokeExecute(DriverCommandExecutor.java:216)
at org.openqa.selenium.remote.service.DriverCommandExecutor.execute(DriverCommandExecutor.java:174)
at org.openqa.selenium.remote.RemoteWebDriver.execute(RemoteWebDriver.java:545)
at org.openqa.selenium.remote.RemoteWebElement.execute(RemoteWebElement.java:223)
at org.openqa.selenium.remote.RemoteWebElement.click(RemoteWebElement.java:76)
at java.base/jdk.internal.reflect.DirectMethodHandleAccessor.invoke(DirectMethodHandleAccessor.java:103)
at java.base/java.lang.reflect.Method.invoke(Method.java:580)
at org.openqa.selenium.support.pagefactory.internal.LocatingElementHandler.invoke(LocatingElementHandler.java:51)
at jdk.proxy2/jdk.proxy2.$Proxy14.click(Unknown Source)
at test.FinalTest.JewelleryAndWatchTest1(FinalTest.java:49)
at java.base/jdk.internal.reflect.DirectMethodHandleAccessor.invoke(DirectMethodHandleAccessor.java:103)
at java.base/java.lang.reflect.Method.invoke(Method.java:580)
at org.testng.internal.invokers.MethodInvocationHelper.invokeMethod(MethodInvocationHelper.java:141)
at org.testng.internal.invokers.TestInvoker.invokeMethod(TestInvoker.java:686)
at org.testng.internal.invokers.TestInvoker.invokeTestMethod(TestInvoker.java:230)
at org.testng.internal.invokers.MethodRunner.runInSequence(MethodRunner.java:63)
at org.testng.internal.invokers.TestInvoker$MethodInvocationAgent.invoke(TestInvoker.java:992)
at org.testng.internal.invokers.TestInvoker.invokeTestMethods(TestInvoker.java:203)
at org.testng.internal.invokers.TestMethodWorker.invokeTestMethods(TestMethodWorker.java:154)
at org.testng.internal.invokers.TestMethodWorker.run(TestMethodWorker.java:134)
at java.base/java.util.ArrayList.forEach(ArrayList.java:1596)
at org.testng.TestRunner.privateRun(TestRunner.java:739)
at org.testng.TestRunner.run(TestRunner.java:614)
at org.testng.SuiteRunner.runTest(SuiteRunner.java:421)
at org.testng.SuiteRunner.runSequentially(SuiteRunner.java:413)
at org.testng.SuiteRunner.privateRun(SuiteRunner.java:373)
at org.testng.SuiteRunner.run(SuiteRunner.java:312)
at org.testng.SuiteRunnerWorker.runSuite(SuiteRunnerWorker.java:52)
at org.testng.SuiteRunnerWorker.run(SuiteRunnerWorker.java:95)
at org.testng.TestNG.runSuitesSequentially(TestNG.java:1274)
at org.testng.TestNG.runSuitesLocally(TestNG.java:1208)
at org.testng.TestNG.runSuites(TestNG.java:1112)
at org.testng.TestNG.run(TestNG.java:1079)
at org.testng.remote.AbstractRemoteTestNG.run(AbstractRemoteTestNG.java:115)
at org.testng.remote.RemoteTestNG.initAndRun(RemoteTestNG.java:293)
at org.testng.remote.RemoteTestNG.main(RemoteTestNG.java:91)
]]>
            </full-stacktrace>
          </exception> <!-- org.openqa.selenium.ElementNotInteractableException -->
          <reporter-output>
          </reporter-output>
        </test-method> <!-- JewelleryAndWatchTest1 -->
        <test-method is-config="true" signature="teardown()[pri:0, instance:test.FinalTest@4c60d6e9]" started-at="2024-09-01T18:48:53 IST" name="teardown" finished-at="2024-09-01T18:48:54 IST" duration-ms="673" status="PASS">
          <reporter-output>
          </reporter-output>
        </test-method> <!-- teardown -->
        <test-method is-config="true" signature="setup()[pri:0, instance:test.FinalTest@4c60d6e9]" started-at="2024-09-01T18:48:54 IST" name="setup" finished-at="2024-09-01T18:49:05 IST" duration-ms="10827" status="PASS">
          <reporter-output>
          </reporter-output>
        </test-method> <!-- setup -->
        <test-method signature="Jewellery()[pri:1, instance:test.FinalTest@4c60d6e9]" started-at="2024-09-01T18:49:05 IST" name="Jewellery" finished-at="2024-09-01T18:49:09 IST" duration-ms="4241" status="PASS">
          <reporter-output>
          </reporter-output>
        </test-method> <!-- Jewellery -->
        <test-method is-config="true" signature="teardown()[pri:0, instance:test.FinalTest@4c60d6e9]" started-at="2024-09-01T18:49:09 IST" name="teardown" finished-at="2024-09-01T18:49:09 IST" duration-ms="369" status="PASS">
          <reporter-output>
          </reporter-output>
        </test-method> <!-- teardown -->
        <test-method is-config="true" signature="setup()[pri:0, instance:test.FinalTest@4c60d6e9]" started-at="2024-09-01T18:49:09 IST" name="setup" finished-at="2024-09-01T18:49:16 IST" duration-ms="6210" status="PASS">
          <reporter-output>
          </reporter-output>
        </test-method> <!-- setup -->
        <test-method signature="JewelleryCombosTest()[pri:2, instance:test.FinalTest@4c60d6e9]" started-at="2024-09-01T18:49:16 IST" name="JewelleryCombosTest" finished-at="2024-09-01T18:49:35 IST" duration-ms="19599" status="PASS">
          <reporter-output>
          </reporter-output>
        </test-method> <!-- JewelleryCombosTest -->
        <test-method is-config="true" signature="teardown()[pri:0, instance:test.FinalTest@4c60d6e9]" started-at="2024-09-01T18:49:35 IST" name="teardown" finished-at="2024-09-01T18:49:36 IST" duration-ms="799" status="PASS">
          <reporter-output>
          </reporter-output>
        </test-method> <!-- teardown -->
        <test-method is-config="true" signature="setup()[pri:0, instance:test.FinalTest@4c60d6e9]" started-at="2024-09-01T18:49:36 IST" name="setup" finished-at="2024-09-01T18:49:42 IST" duration-ms="5743" status="PASS">
          <reporter-output>
          </reporter-output>
        </test-method> <!-- setup -->
        <test-method signature="MensJewelleryTest()[pri:3, instance:test.FinalTest@4c60d6e9]" started-at="2024-09-01T18:49:42 IST" name="MensJewelleryTest" finished-at="2024-09-01T18:50:21 IST" duration-ms="39275" status="PASS">
          <reporter-output>
          </reporter-output>
        </test-method> <!-- MensJewelleryTest -->
        <test-method is-config="true" signature="teardown()[pri:0, instance:test.FinalTest@4c60d6e9]" started-at="2024-09-01T18:50:21 IST" name="teardown" finished-at="2024-09-01T18:50:21 IST" duration-ms="367" status="PASS">
          <reporter-output>
          </reporter-output>
        </test-method> <!-- teardown -->
        <test-method is-config="true" signature="setup()[pri:0, instance:test.FinalTest@4c60d6e9]" started-at="2024-09-01T18:50:21 IST" name="setup" finished-at="2024-09-01T18:50:28 IST" duration-ms="6884" status="PASS">
          <reporter-output>
          </reporter-output>
        </test-method> <!-- setup -->
        <test-method signature="OtherJewelleryTest()[pri:4, instance:test.FinalTest@4c60d6e9]" started-at="2024-09-01T18:50:28 IST" name="OtherJewelleryTest" finished-at="2024-09-01T18:50:34 IST" duration-ms="5768" status="PASS">
          <reporter-output>
          </reporter-output>
        </test-method> <!-- OtherJewelleryTest -->
        <test-method is-config="true" signature="teardown()[pri:0, instance:test.FinalTest@4c60d6e9]" started-at="2024-09-01T18:50:34 IST" name="teardown" finished-at="2024-09-01T18:50:35 IST" duration-ms="693" status="PASS">
          <reporter-output>
          </reporter-output>
        </test-method> <!-- teardown -->
        <test-method is-config="true" signature="setup()[pri:0, instance:test.FinalTest@4c60d6e9]" started-at="2024-09-01T18:50:35 IST" name="setup" finished-at="2024-09-01T18:50:55 IST" duration-ms="20557" status="PASS">
          <reporter-output>
          </reporter-output>
        </test-method> <!-- setup -->
        <test-method signature="RingsAndEarringsTest()[pri:5, instance:test.FinalTest@4c60d6e9]" started-at="2024-09-01T18:50:55 IST" name="RingsAndEarringsTest" finished-at="2024-09-01T18:51:08 IST" duration-ms="12326" status="PASS">
          <reporter-output>
          </reporter-output>
        </test-method> <!-- RingsAndEarringsTest -->
        <test-method is-config="true" signature="teardown()[pri:0, instance:test.FinalTest@4c60d6e9]" started-at="2024-09-01T18:51:08 IST" name="teardown" finished-at="2024-09-01T18:51:08 IST" duration-ms="566" status="PASS">
          <reporter-output>
          </reporter-output>
        </test-method> <!-- teardown -->
        <test-method is-config="true" signature="flush()[pri:0, instance:test.FinalTest@4c60d6e9]" started-at="2024-09-01T18:51:08 IST" name="flush" finished-at="2024-09-01T18:51:08 IST" duration-ms="340" status="PASS">
          <reporter-output>
          </reporter-output>
        </test-method> <!-- flush -->
      </class> <!-- test.FinalTest -->
    </test> <!-- Default test -->
  </suite> <!-- Default suite -->
</testng-results>
