<?xml version="1.0" encoding="UTF-8"?>
<!-- Generated by org.testng.reporters.JUnitReportReporter -->
<testsuite hostname="MSI" failures="0" tests="4" name="runner.Search" time="54.296" errors="1" timestamp="2024-09-01T17:45:23 IST" skipped="0">
  <testcase classname="runner.Search" name="runScenario" time="10.661"/>
  <testcase classname="runner.Search" name="runScenario" time="10.880"/>
  <testcase classname="runner.Search" name="runScenario" time="20.736">
    <error message="element click intercepted: Element &lt;input id=&quot;cpid12612354&quot; type=&quot;checkbox&quot; class=&quot;v_bottom&quot; cpid=&quot;12612354&quot; catid=&quot;142&quot; pname=&quot;Golden Watch + 2 Golden Chain + Bracelet + Diamond Ring (MGW2CBR)&quot; pimage=&quot;Golden-Watch-2-Golden-Chain-Bracelet-Diamond-Ring-MGW2CBR-1.jpg&quot; catname=&quot;Watches&quot; onclick=&quot;productCompare.addToCompare(this);&quot; sid=&quot;null&quot; sname=&quot;null&quot; tt=&quot;H&quot;&gt; is not clickable at point (646, 526). Other element would receive the click: &lt;div class=&quot;catalogLoad&quot;&gt;...&lt;/div&gt;
  (Session info: chrome=128.0.6613.86)
Build info: version: &#039;4.23.1&#039;, revision: &#039;656257d8e9&#039;
System info: os.name: &#039;Windows 11&#039;, os.arch: &#039;amd64&#039;, os.version: &#039;10.0&#039;, java.version: &#039;21.0.3&#039;
Driver info: org.openqa.selenium.chrome.ChromeDriver
Command: [5e9fbc2e97daa926a4ed17d237fab687, clickElement {id=f.89459D2044AEE19857F06B426C94E243.d.789801F324A5AAB911D2700C61B282C8.e.7729}]
Capabilities {acceptInsecureCerts: false, browserName: chrome, browserVersion: 128.0.6613.86, chrome: {chromedriverVersion: 128.0.6613.86 (3045ed680fda..., userDataDir: C:\Users\beati\AppData\Loca...}, fedcm:accounts: true, goog:chromeOptions: {debuggerAddress: localhost:56110}, networkConnectionEnabled: false, pageLoadStrategy: normal, platformName: windows, proxy: Proxy(), se:cdp: ws://localhost:56110/devtoo..., se:cdpVersion: 128.0.6613.86, setWindowRect: true, strictFileInteractability: false, timeouts: {implicit: 0, pageLoad: 300000, script: 30000}, unhandledPromptBehavior: dismiss and notify, webauthn:extension:credBlob: true, webauthn:extension:largeBlob: true, webauthn:extension:minPinLength: true, webauthn:extension:prf: true, webauthn:virtualAuthenticators: true}
Element: [[ChromeDriver: chrome on windows (5e9fbc2e97daa926a4ed17d237fab687)] -&gt; css selector: [id=&#039;cpid12612354&#039;]]
Session ID: 5e9fbc2e97daa926a4ed17d237fab687" type="org.openqa.selenium.ElementClickInterceptedException">
      <![CDATA[org.openqa.selenium.ElementClickInterceptedException: element click intercepted: Element <input id="cpid12612354" type="checkbox" class="v_bottom" cpid="12612354" catid="142" pname="Golden Watch + 2 Golden Chain + Bracelet + Diamond Ring (MGW2CBR)" pimage="Golden-Watch-2-Golden-Chain-Bracelet-Diamond-Ring-MGW2CBR-1.jpg" catname="Watches" onclick="productCompare.addToCompare(this);" sid="null" sname="null" tt="H"> is not clickable at point (646, 526). Other element would receive the click: <div class="catalogLoad">...</div>
  (Session info: chrome=128.0.6613.86)
Build info: version: '4.23.1', revision: '656257d8e9'
System info: os.name: 'Windows 11', os.arch: 'amd64', os.version: '10.0', java.version: '21.0.3'
Driver info: org.openqa.selenium.chrome.ChromeDriver
Command: [5e9fbc2e97daa926a4ed17d237fab687, clickElement {id=f.89459D2044AEE19857F06B426C94E243.d.789801F324A5AAB911D2700C61B282C8.e.7729}]
Capabilities {acceptInsecureCerts: false, browserName: chrome, browserVersion: 128.0.6613.86, chrome: {chromedriverVersion: 128.0.6613.86 (3045ed680fda..., userDataDir: C:\Users\beati\AppData\Loca...}, fedcm:accounts: true, goog:chromeOptions: {debuggerAddress: localhost:56110}, networkConnectionEnabled: false, pageLoadStrategy: normal, platformName: windows, proxy: Proxy(), se:cdp: ws://localhost:56110/devtoo..., se:cdpVersion: 128.0.6613.86, setWindowRect: true, strictFileInteractability: false, timeouts: {implicit: 0, pageLoad: 300000, script: 30000}, unhandledPromptBehavior: dismiss and notify, webauthn:extension:credBlob: true, webauthn:extension:largeBlob: true, webauthn:extension:minPinLength: true, webauthn:extension:prf: true, webauthn:virtualAuthenticators: true}
Element: [[ChromeDriver: chrome on windows (5e9fbc2e97daa926a4ed17d237fab687)] -> css selector: [id='cpid12612354']]
Session ID: 5e9fbc2e97daa926a4ed17d237fab687
at java.base/jdk.internal.reflect.DirectConstructorHandleAccessor.newInstance(DirectConstructorHandleAccessor.java:62)
at java.base/java.lang.reflect.Constructor.newInstanceWithCaller(Constructor.java:502)
at java.base/java.lang.reflect.Constructor.newInstance(Constructor.java:486)
at org.openqa.selenium.remote.ErrorCodec.decode(ErrorCodec.java:167)
at org.openqa.selenium.remote.codec.w3c.W3CHttpResponseCodec.decode(W3CHttpResponseCodec.java:138)
at org.openqa.selenium.remote.codec.w3c.W3CHttpResponseCodec.decode(W3CHttpResponseCodec.java:50)
at org.openqa.selenium.remote.HttpCommandExecutor.execute(HttpCommandExecutor.java:190)
at org.openqa.selenium.remote.service.DriverCommandExecutor.invokeExecute(DriverCommandExecutor.java:216)
at org.openqa.selenium.remote.service.DriverCommandExecutor.execute(DriverCommandExecutor.java:174)
at org.openqa.selenium.remote.RemoteWebDriver.execute(RemoteWebDriver.java:545)
at org.openqa.selenium.remote.RemoteWebElement.execute(RemoteWebElement.java:223)
at org.openqa.selenium.remote.RemoteWebElement.click(RemoteWebElement.java:76)
at steps.Watches.compare_abrexo_two_products_on_the_watches_page(Watches.java:170)
at ✽.Compare Abrexo two products on the Watches page(file:///C:/Users/beati/Documents/workspace-spring-tool-suite-4-4.23.1.RELEASE/Cucumber_Naaptol/src/test/resources/JewelleryAndWatches/Watches.feature:36)
]]>
    </error>
  </testcase> <!-- runScenario -->
  <testcase classname="runner.Search" name="runScenario" time="12.019"/>
</testsuite> <!-- runner.Search -->
